[2016.03.02-00.44.03:774][  0]Log file open, 03/02/16 11:44:03
[2016.03.02-00.44.03:774][  0]LogInit:Display: Running engine for game: ToyBoxBrawl
[2016.03.02-00.44.03:774][  0]LogPlatformFile: Not using cached read wrapper
[2016.03.02-00.44.03:774][  0]LogInit:Display: RandInit(248522830) SRandInit(248522832).
[2016.03.02-00.44.03:774][  0]LogTaskGraph: Started task graph with 4 named threads and 7 total threads.
[2016.03.02-00.44.03:774][  0]LogStats: Stats thread started at 0.076677
[2016.03.02-00.44.03:774][  0]LogInit: Version: 4.10.4-2872498+++depot+UE4-Releases+4.10
[2016.03.02-00.44.03:774][  0]LogInit: API Version: 2758231
[2016.03.02-00.44.03:774][  0]LogInit: Compiled (64-bit): Feb 18 2016 15:47:04
[2016.03.02-00.44.03:774][  0]LogInit: Compiled with Visual C++: 19.00.23026.00
[2016.03.02-00.44.03:774][  0]LogInit: Build Configuration: Development
[2016.03.02-00.44.03:774][  0]LogInit: Branch Name: ++depot+UE4-Releases+4.10
[2016.03.02-00.44.03:774][  0]LogInit: Command line:  
[2016.03.02-00.44.03:774][  0]LogInit: Base directory: C:/Program Files (x86)/Epic Games/4.10/Engine/Binaries/Win64/
[2016.03.02-00.44.03:774][  0]LogInit: Rocket: 1
[2016.03.02-00.44.03:785][  0]LogInit: Using libcurl 7.41.0
[2016.03.02-00.44.03:785][  0]LogInit:  - built for x86_64-pc-win32
[2016.03.02-00.44.03:785][  0]LogInit:  - supports SSL with WinSSL
[2016.03.02-00.44.03:785][  0]LogInit:  - other features:
[2016.03.02-00.44.03:785][  0]LogInit:      CURL_VERSION_SSL
[2016.03.02-00.44.03:785][  0]LogInit:      CURL_VERSION_IPV6
[2016.03.02-00.44.03:785][  0]LogInit:      CURL_VERSION_ASYNCHDNS
[2016.03.02-00.44.03:785][  0]LogInit:      CURL_VERSION_LARGEFILE
[2016.03.02-00.44.03:785][  0]LogInit:      CURL_VERSION_IDN
[2016.03.02-00.44.03:785][  0]LogInit:  CurlRequestOptions (configurable via config and command line):
[2016.03.02-00.44.03:785][  0]LogInit:  - bVerifyPeer = true  - Libcurl will verify peer certificate
[2016.03.02-00.44.03:785][  0]LogInit:  - bUseHttpProxy = false  - Libcurl will NOT use HTTP proxy
[2016.03.02-00.44.03:785][  0]LogInit:  - bDontReuseConnections = false  - Libcurl will reuse connections
[2016.03.02-00.44.03:785][  0]LogInit:  - CertBundlePath = nullptr  - Libcurl will use whatever was configured at build time.
[2016.03.02-00.44.03:797][  0]LogInit: Presizing for 0 objects not considered by GC, pre-allocating 0 bytes.
[2016.03.02-00.44.03:803][  0]LogInit: Object subsystem initialized
[2016.03.02-00.44.03:804][  0]LogInit: Selected Device Profile: [Windows]
[2016.03.02-00.44.03:804][  0]LogInit: Applying CVar settings loaded from the selected device profile: [Windows]
[2016.03.02-00.44.03:814][  0]LogInit: Computer: MELB-E0A1FB
[2016.03.02-00.44.03:814][  0]LogInit: User: brockwills
[2016.03.02-00.44.03:814][  0]LogInit: CPU Page size=4096, Cores=4
[2016.03.02-00.44.03:814][  0]LogInit: High frequency timer resolution =3.410273 MHz
[2016.03.02-00.44.03:814][  0]LogMemory: Memory total: Physical=15.9GB (16GB approx)
[2016.03.02-00.44.03:814][  0]LogMemory: Platform Memory Stats for Windows
[2016.03.02-00.44.03:814][  0]LogMemory: Process Physical Memory: 58.49 MB used, 58.49 MB peak
[2016.03.02-00.44.03:814][  0]LogMemory: Process Virtual Memory: 60.62 MB used, 60.62 MB peak
[2016.03.02-00.44.03:814][  0]LogMemory: Physical Memory: 7619.53 MB used, 16301.12 MB total
[2016.03.02-00.44.03:814][  0]LogMemory: Virtual Memory: 354.28 MB used, 8388608.00 MB total
[2016.03.02-00.44.03:881][  0]LogTextLocalizationManager: No specific translations for ('en-US') exist, so ('en') translations will be used.
[2016.03.02-00.44.04:272][  0]LogD3D11RHI: Found D3D11 adapter 0: NVIDIA GeForce GTX 560  (Feature Level 11_0)
[2016.03.02-00.44.04:272][  0]LogD3D11RHI: Adapter has 979MB of dedicated video memory, 0MB of dedicated system memory, and 3071MB of shared system memory, 2 output[s]
[2016.03.02-00.44.04:276][  0]LogD3D11RHI: Found D3D11 adapter 1: Intel(R) HD Graphics 3000 (Feature Level 10_0)
[2016.03.02-00.44.04:276][  0]LogD3D11RHI: Adapter has 64MB of dedicated video memory, 0MB of dedicated system memory, and 1632MB of shared system memory, 0 output[s]
[2016.03.02-00.44.04:276][  0]LogD3D11RHI: Chosen D3D11 Adapter Id = 0
[2016.03.02-00.44.04:281][  0]LogD3D11RHI: !Direct3DDevice
[2016.03.02-00.44.04:281][  0]LogRHI: Texture pool is 685 MB (70% of 979 MB)
[2016.03.02-00.44.04:293][  0]LogD3D11RHI: Async texture creation enabled
[2016.03.02-00.44.04:306][  0]LogShaderCompilers: Guid format shader working directory is -25 characters bigger than the processId version (../../../../../../Users/brock.wills/Documents/Unreal Projects/ToyBoxBrawlUE4/Intermediate/Shaders/WorkingDirectory/10428/).
[2016.03.02-00.44.04:306][  0]LogShaderCompilers: Cleaned the shader compiler working directory 'C:/Users/BROCK~1.WIL/AppData/Local/Temp/UnrealShaderWorkingDir/238195B4450A42187B85E18864BC8313/'.
[2016.03.02-00.44.04:306][  0]LogShaderCompilers:Display: Using Local Shader Compiler.
[2016.03.02-00.44.06:623][  0]LogTemp:Display: Loaded TP AllDesktopTargetPlatform
[2016.03.02-00.44.06:645][  0]LogTemp:Display: Loaded TP WindowsClientTargetPlatform
[2016.03.02-00.44.06:668][  0]LogTemp:Display: Loaded TP WindowsNoEditorTargetPlatform
[2016.03.02-00.44.06:690][  0]LogTemp:Display: Loaded TP WindowsServerTargetPlatform
[2016.03.02-00.44.06:713][  0]LogTemp:Display: Loaded TP WindowsTargetPlatform
[2016.03.02-00.44.06:737][  0]LogTemp:Display: Loaded TP AndroidTargetPlatform
[2016.03.02-00.44.06:760][  0]LogTemp:Display: Loaded TP Android_ASTCTargetPlatform
[2016.03.02-00.44.06:785][  0]LogTemp:Display: Loaded TP Android_ATCTargetPlatform
[2016.03.02-00.44.06:808][  0]LogTemp:Display: Loaded TP Android_DXTTargetPlatform
[2016.03.02-00.44.06:832][  0]LogTemp:Display: Loaded TP Android_ETC1TargetPlatform
[2016.03.02-00.44.06:855][  0]LogTemp:Display: Loaded TP Android_ETC2TargetPlatform
[2016.03.02-00.44.06:910][  0]LogTemp:Display: Loaded TP Android_MultiTargetPlatform
[2016.03.02-00.44.06:910][  0]LogTemp:Display: Loaded TP Android_PVRTCTargetPlatform
[2016.03.02-00.44.06:929][  0]LogTemp:Display: Loaded TP HTML5TargetPlatform
[2016.03.02-00.44.07:011][  0]LogTemp:Display: Loaded TP IOSTargetPlatform
[2016.03.02-00.44.07:036][  0]LogTemp:Display: Loaded TP LinuxNoEditorTargetPlatform
[2016.03.02-00.44.07:063][  0]LogTemp:Display: Loaded TP LinuxServerTargetPlatform
[2016.03.02-00.44.07:110][  0]LogTemp:Display: Loaded TP LinuxTargetPlatform
[2016.03.02-00.44.07:110][  0]LogTargetPlatformManager:Display: Building Assets For Windows
[2016.03.02-00.44.07:682][  0]LogDerivedDataCache:Display: Max Cache Size: 512 MB
[2016.03.02-00.44.08:646][  0]LogDerivedDataCache: Loaded boot cache 0.96s 41MB C:/Users/brock.wills/AppData/Local/UnrealEngine/4.10/DerivedDataCache/Boot.ddc.
[2016.03.02-00.44.08:646][  0]LogDerivedDataCache:Display: Loaded Boot cache: C:/Users/brock.wills/AppData/Local/UnrealEngine/4.10/DerivedDataCache/Boot.ddc
[2016.03.02-00.44.08:647][  0]LogDerivedDataCache: FDerivedDataBackendGraph:  Pak pak cache file ../../../../../../Users/brock.wills/Documents/Unreal Projects/ToyBoxBrawlUE4/DerivedDataCache/DDC.ddp not found, will not use a pak cache.
[2016.03.02-00.44.08:647][  0]LogDerivedDataCache: Unable to find inner node Pak for hierarchical cache Hierarchy.
[2016.03.02-00.44.08:647][  0]LogDerivedDataCache: FDerivedDataBackendGraph:  CompressedPak pak cache file ../../../../../../Users/brock.wills/Documents/Unreal Projects/ToyBoxBrawlUE4/DerivedDataCache/Compressed.ddp not found, will not use a pak cache.
[2016.03.02-00.44.08:647][  0]LogDerivedDataCache: Unable to find inner node CompressedPak for hierarchical cache Hierarchy.
[2016.03.02-00.44.08:707][  0]LogDerivedDataCache:Display: Pak cache opened for reading ../../../Engine/DerivedDataCache/Compressed.ddp.
[2016.03.02-00.44.08:718][  0]LogDerivedDataCache: Using Local data cache path C:/Users/brock.wills/AppData/Local/UnrealEngine/Common/DerivedDataCache: Writable
[2016.03.02-00.44.08:940][  0]LogInit: Selected Device Profile: [Windows]
[2016.03.02-00.44.08:941][  0]LogContentStreaming: Texture pool size is 0.000000MB
[2016.03.02-00.44.09:003][  0]LogMeshUtilities: No automatic mesh reduction module available
[2016.03.02-00.44.09:003][  0]LogMeshUtilities: No automatic mesh merging module available
[2016.03.02-00.44.09:376][  0]LogInit: WinSock: version 1.1 (2.2), MaxSocks=32767, MaxUdp=65467
[2016.03.02-00.44.16:770][  0]UdpMessaging: Initializing bridge on interface 0.0.0.0:0 to multicast group 230.0.0.1:6666.
[2016.03.02-00.44.17:664][  0]LogAssetRegistry: FAssetRegistry took 0.0104 seconds to start up
[2016.03.02-00.44.18:430][  0]SourceControl: Info Source control is disabled
[2016.03.02-00.44.18:495][  0]SourceControl: Info Source control is disabled
[2016.03.02-00.44.18:546][  0]SourceControl: Info Source control is disabled
[2016.03.02-00.44.18:612][  0]SourceControl: Info Source control is disabled
[2016.03.02-00.44.19:685][  0]LogObj: 28647 objects as part of root set at end of initial load.
[2016.03.02-00.44.19:685][  0]LogUObjectAllocator: 6102224 out of 0 bytes used by permanent object pool.
[2016.03.02-00.44.19:885][  0]LogEngine: Initializing Engine...
[2016.03.02-00.44.19:888][  0]LogHMD: Can't find Oculus library dev build: is proper Runtime installed? Version: 0.8.0.0
[2016.03.02-00.44.19:903][  0]LogHMD: SteamVR failed to initialize.  Err: 110
[2016.03.02-00.44.20:104][  0]LogAIModule: Creating AISystem for world NewWorld
[2016.03.02-00.44.20:158][  0]LogInit: XAudio2 using 'Speakers (Realtek High Definition Audio)' : 2 channels at 48 kHz using 32 bits per sample (channel mask 0x3)
[2016.03.02-00.44.20:178][  0]LogInit: FAudioDevice initialized.
[2016.03.02-00.44.20:208][  0]LogDerivedDataCache: Saved boot cache 0.03s 41MB C:/Users/brock.wills/AppData/Local/UnrealEngine/4.10/DerivedDataCache/Boot.ddc.
[2016.03.02-00.44.20:214][  0]LogInit: Texture streaming: Enabled
[2016.03.02-00.44.20:259][  0]LogAnalytics: Creating configured Analytics provider AnalyticsET
[2016.03.02-00.44.20:259][  0]LogAnalytics: [UEEditor.Rocket.Release] APIServer = http://et2.epicgames.com/ET2/. AppVersion = 4.10.4-2872498+++depot+UE4-Releases+4.10
[2016.03.02-00.44.20:259][  0]LogAnalytics: [UEEditor.Rocket.Release] SetUserId 1e651ea4440fc8ddec84b59317301572|fee9380bf09f42939cf27ebd40b857a6|c5f751ea-e2dd-4a0d-898d-dc9fd0cace97
[2016.03.02-00.44.20:259][  0]LogAnalytics: [UEEditor.Rocket.Release] AnalyticsET::StartSession
[2016.03.02-00.44.20:290][  0]LogInit: Transaction tracking system initialized
[2016.03.02-00.44.20:574][  0]BlueprintLog: New page: Editor Load
[2016.03.02-00.44.21:594][  0]LocalizationService: Info Localization service is disabled
[2016.03.02-00.44.22:246][  0]LogConsoleResponse:Display: 
[2016.03.02-00.44.22:425][  0]LogCook:Display: Done creating registry. It took  0.00s.
[2016.03.02-00.44.22:497][  0]LogFileCache: Scanning file cache for directory 'C:/Users/brock.wills/Documents/Unreal Projects/ToyBoxBrawlUE4/Content/' took 0.01s
[2016.03.02-00.44.22:951][  0]SourceControl: Info Source control is disabled
[2016.03.02-00.44.53:311][  0]Cmd: MAP LOAD FILE="../../../../../../Users/brock.wills/Documents/Unreal Projects/ToyBoxBrawlUE4/Content/Levels/GreyboxPool.umap" TEMPLATE=0 SHOWPROGRESS=1 FEATURELEVEL=3
[2016.03.02-00.44.53:311][  0]LightingResults: New page: Lighting Build
[2016.03.02-00.44.53:318][  0]MapCheck: New page: Map Check
[2016.03.02-00.44.53:318][  0]LightingResults: New page: Lighting Build
[2016.03.02-00.44.53:337][  0]LogParticles: Destroying 0 GPU particle simulations for FXSystem 0x0000000023D86AC0
[2016.03.02-00.44.54:141][  0]LogAIModule: Creating AISystem for world GreyboxPool
[2016.03.02-00.44.54:151][  0]LogEditorServer: Finished looking for orphan Actors (0.000 secs)
[2016.03.02-00.44.54:152][  0]Cmd: MAP CHECKDEP NOCLEARLOG
[2016.03.02-00.44.54:235][  0]MapCheck: Info Map check complete: 0 Error(s), 0 Warning(s), took 83.004ms to complete.
[2016.03.02-00.44.54:235][  0]LogFileHelpers: Loading map 'GreyboxPool' took 0.925
[2016.03.02-00.44.54:317][  0]LogCollectionManager: Loaded 0 collections in 0.002968 seconds
[2016.03.02-00.44.54:358][  0]LogFileCache: Scanning file cache for directory 'C:/Users/brock.wills/Documents/Unreal Projects/ToyBoxBrawlUE4/Saved/Collections/' took 0.01s
[2016.03.02-00.44.54:358][  0]LogFileCache: Scanning file cache for directory 'C:/Users/brock.wills/Documents/Unreal Projects/ToyBoxBrawlUE4/Content/Developers/brockwills/Collections/' took 0.01s
[2016.03.02-00.44.54:358][  0]LogFileCache: Scanning file cache for directory 'C:/Users/brock.wills/Documents/Unreal Projects/ToyBoxBrawlUE4/Content/Collections/' took 0.01s
[2016.03.02-00.44.54:358][  0]LogCollectionManager: Rebuilt the GUID cache for 0 collections in 0.000002 seconds
[2016.03.02-00.44.54:371][  0]LogContentBrowser: Native class hierarchy populated in 0.0122 seconds. Added 1894 classes and 341 folders.
[2016.03.02-00.44.54:384][  0]LogContentBrowser: Native class hierarchy updated for 'WidgetCarousel' in 0.0005 seconds. Added 0 classes and 0 folders.
[2016.03.02-00.44.54:449][  0]LogContentBrowser: Native class hierarchy updated for 'AddContentDialog' in 0.0005 seconds. Added 0 classes and 0 folders.
[2016.03.02-00.44.54:455][  0]LogContentBrowser: Native class hierarchy updated for 'SceneOutliner' in 0.0005 seconds. Added 1 classes and 2 folders.
[2016.03.02-00.44.54:528][  0]LogCrashTracker: Crashtracker disabled due to settings.
[2016.03.02-00.44.54:533][  0]LogUObjectGlobals:Warning: Failed to find object 'Class None.'
[2016.03.02-00.44.54:554][  0]LogStats:Warning: MetaData mismatch. Did you assign a stat to two groups? New //STATGROUP_Threads//SplashScreenThread///Thread_18c8_0///####STATCAT_Advanced#### old //STATGROUP_Threads//SplashScreenThread///Thread_2920_0///####STATCAT_Advanced####
[2016.03.02-00.44.54:554][  0]LogLoad: Full Startup: 51.21 seconds (BP compile: 0.20 seconds)
[2016.03.02-00.44.54:566][  0]LogOcInput: Can't find Oculus library dev build: is proper Runtime installed? Version: 0.8.0.0
[2016.03.02-00.44.54:648][  0]LogContentStreaming: Texture pool size now 1000 MB
[2016.03.02-00.44.54:823][  0]LogRenderer: Reallocating scene render targets to support 1044x580 (Frame:2).
[2016.03.02-00.44.55:440][  5]LogAssetRegistry: Asset discovery search completed in 37.7887 seconds
[2016.03.02-00.44.55:440][  5]LogCollectionManager: Rebuilt the object cache for 0 collections in 0.000001 seconds (found 0 objects)
[2016.03.02-00.44.55:441][  5]LogCollectionManager: Fixed up redirectors for 0 collections in 0.000029 seconds (updated 0 objects)
[2016.03.02-00.44.59:262][132]LogActorComponent: UnregisterComponent: (/Engine/Transient.CharMoveComp) Not registered. Aborting.
[2016.03.02-00.44.59:571][133]Cmd: QUIT_EDITOR
[2016.03.02-00.44.59:705][133]LogExit: Preparing to exit.
[2016.03.02-00.44.59:875][133]LogExit: Editor shut down
[2016.03.02-00.44.59:875][133]LogExit: Transaction tracking system shut down
[2016.03.02-00.44.59:877][133]LogParticles: Destroying 0 GPU particle simulations for FXSystem 0x000000002AB57100
[2016.03.02-00.44.59:878][133]LogParticles: Destroying 0 GPU particle simulations for FXSystem 0x000000002AD83920
[2016.03.02-00.44.59:878][133]LogParticles: Destroying 0 GPU particle simulations for FXSystem 0x000000002BEA6C00
[2016.03.02-00.44.59:878][133]LogParticles: Destroying 0 GPU particle simulations for FXSystem 0x00000000365219E0
[2016.03.02-00.44.59:878][133]LogParticles: Destroying 0 GPU particle simulations for FXSystem 0x0000000036521800
[2016.03.02-00.44.59:878][133]LogParticles: Destroying 0 GPU particle simulations for FXSystem 0x0000000036521760
[2016.03.02-00.44.59:878][133]LogParticles: Destroying 0 GPU particle simulations for FXSystem 0x0000000036E27560
[2016.03.02-00.44.59:878][133]LogParticles: Destroying 0 GPU particle simulations for FXSystem 0x0000000036E271A0
[2016.03.02-00.45.00:004][133]LogExit: Object subsystem successfully closed.
[2016.03.02-00.45.00:023][133]LogD3D11RHI: Shutdown
[2016.03.02-00.45.00:023][133]LogD3D11RHI: CleanupD3DDevice
[2016.03.02-00.45.00:084][133]LogD3D11RHI: ~FD3D11DynamicRHI
[2016.03.02-00.45.00:100][133]LogModuleManager: Shutting down and abandoning module CrashTracker (199)
[2016.03.02-00.45.00:100][133]LogModuleManager: Shutting down and abandoning module SceneOutliner (198)
[2016.03.02-00.45.00:100][133]LogModuleManager: Shutting down and abandoning module SuperSearch (197)
[2016.03.02-00.45.00:100][133]LogModuleManager: Shutting down and abandoning module WidgetCarousel (196)
[2016.03.02-00.45.00:100][133]LogModuleManager: Shutting down and abandoning module AddContentDialog (195)
[2016.03.02-00.45.00:101][133]LogModuleManager: Shutting down and abandoning module EditorWidgets (194)
[2016.03.02-00.45.00:101][133]LogModuleManager: Shutting down and abandoning module CollectionManager (193)
[2016.03.02-00.45.00:101][133]LogModuleManager: Shutting down and abandoning module StatsViewer (192)
[2016.03.02-00.45.00:101][133]LogModuleManager: Shutting down and abandoning module FoliageEdit (191)
[2016.03.02-00.45.00:101][133]LogModuleManager: Shutting down and abandoning module LandscapeEditor (190)
[2016.03.02-00.45.00:101][133]LogModuleManager: Shutting down and abandoning module ActorPickerMode (189)
[2016.03.02-00.45.00:101][133]LogModuleManager: Shutting down and abandoning module GeometryMode (188)
[2016.03.02-00.45.00:101][133]LogModuleManager: Shutting down and abandoning module TextureAlignMode (187)
[2016.03.02-00.45.00:101][133]LogModuleManager: Shutting down and abandoning module BspMode (186)
[2016.03.02-00.45.00:101][133]LogModuleManager: Shutting down and abandoning module PlacementMode (185)
[2016.03.02-00.45.00:101][133]LogModuleManager: Shutting down and abandoning module AutomationWorker (184)
[2016.03.02-00.45.00:101][133]LogModuleManager: Shutting down and abandoning module CharacterAI (183)
[2016.03.02-00.45.00:101][133]LogModuleManager: Shutting down and abandoning module SmartSnapping (182)
[2016.03.02-00.45.00:101][133]LogModuleManager: Shutting down and abandoning module ViewportSnapping (181)
[2016.03.02-00.45.00:101][133]LogModuleManager: Shutting down and abandoning module LogVisualizer (180)
[2016.03.02-00.45.00:101][133]LogModuleManager: Shutting down and abandoning module GameProjectGeneration (179)
[2016.03.02-00.45.00:101][133]LogModuleManager: Shutting down and abandoning module IntroTutorials (178)
[2016.03.02-00.45.00:101][133]LogModuleManager: Shutting down and abandoning module EditorLiveStreaming (177)
[2016.03.02-00.45.00:101][133]LogModuleManager: Shutting down and abandoning module IOSPlatformEditor (176)
[2016.03.02-00.45.00:101][133]LogModuleManager: Shutting down and abandoning module HTML5PlatformEditor (175)
[2016.03.02-00.45.00:101][133]LogModuleManager: Shutting down and abandoning module AndroidDeviceDetection (174)
[2016.03.02-00.45.00:934][133]LogModuleManager: Shutting down and abandoning module AndroidPlatformEditor (173)
[2016.03.02-00.45.00:935][133]LogModuleManager: Shutting down and abandoning module IOSRuntimeSettings (172)
[2016.03.02-00.45.00:935][133]LogModuleManager: Shutting down and abandoning module AndroidRuntimeSettings (171)
[2016.03.02-00.45.00:935][133]LogModuleManager: Shutting down and abandoning module MergeActors (170)
[2016.03.02-00.45.00:935][133]LogModuleManager: Shutting down and abandoning module SizeMap (169)
[2016.03.02-00.45.00:935][133]LogModuleManager: Shutting down and abandoning module TreeMap (168)
[2016.03.02-00.45.00:935][133]LogModuleManager: Shutting down and abandoning module ReferenceViewer (167)
[2016.03.02-00.45.00:935][133]LogModuleManager: Shutting down and abandoning module LocalizationService (166)
[2016.03.02-00.45.00:935][133]LogModuleManager: Shutting down and abandoning module LocalizationDashboard (165)
[2016.03.02-00.45.00:935][133]LogModuleManager: Shutting down and abandoning module HardwareTargeting (164)
[2016.03.02-00.45.00:935][133]LogModuleManager: Shutting down and abandoning module DeviceProfileEditor (163)
[2016.03.02-00.45.00:935][133]LogModuleManager: Shutting down and abandoning module UndoHistory (162)
[2016.03.02-00.45.00:935][133]LogModuleManager: Shutting down and abandoning module GameplayTagsEditor (161)
[2016.03.02-00.45.00:935][133]LogModuleManager: Shutting down and abandoning module UserFeedback (160)
[2016.03.02-00.45.00:935][133]LogModuleManager: Shutting down and abandoning module XmlParser (159)
[2016.03.02-00.45.00:935][133]LogModuleManager: Shutting down and abandoning module Blutility (158)
[2016.03.02-00.45.00:935][133]LogModuleManager: Shutting down and abandoning module ProjectTargetPlatformEditor (157)
[2016.03.02-00.45.00:935][133]LogModuleManager: Shutting down and abandoning module ProjectSettingsViewer (156)
[2016.03.02-00.45.00:939][133]LogModuleManager: Shutting down and abandoning module InputBindingEditor (155)
[2016.03.02-00.45.00:939][133]LogModuleManager: Shutting down and abandoning module EditorSettingsViewer (154)
[2016.03.02-00.45.00:939][133]LogModuleManager: Shutting down and abandoning module SettingsEditor (153)
[2016.03.02-00.45.00:939][133]LogModuleManager: Shutting down and abandoning module ProjectLauncher (152)
[2016.03.02-00.45.00:939][133]LogModuleManager: Shutting down and abandoning module SessionFrontend (151)
[2016.03.02-00.45.00:939][133]LogModuleManager: Shutting down and abandoning module ProfilerClient (150)
[2016.03.02-00.45.00:939][133]LogModuleManager: Shutting down and abandoning module TargetDeviceServices (149)
[2016.03.02-00.45.00:939][133]LogModuleManager: Shutting down and abandoning module DeviceManager (148)
[2016.03.02-00.45.00:939][133]LogModuleManager: Shutting down and abandoning module AutomationController (147)
[2016.03.02-00.45.00:939][133]LogModuleManager: Shutting down and abandoning module AutomationWindow (146)
[2016.03.02-00.45.00:939][133]LogModuleManager: Shutting down and abandoning module Layers (145)
[2016.03.02-00.45.00:939][133]LogModuleManager: Shutting down and abandoning module ComponentVisualizers (144)
[2016.03.02-00.45.00:939][133]LogModuleManager: Shutting down and abandoning module DetailCustomizations (143)
[2016.03.02-00.45.00:939][133]LogModuleManager: Shutting down and abandoning module PackagesDialog (142)
[2016.03.02-00.45.00:939][133]LogModuleManager: Shutting down and abandoning module Persona (141)
[2016.03.02-00.45.00:939][133]LogModuleManager: Shutting down and abandoning module Kismet (140)
[2016.03.02-00.45.00:939][133]LogModuleManager: Shutting down and abandoning module GraphEditor (139)
[2016.03.02-00.45.00:940][133]LogModuleManager: Shutting down and abandoning module ClassViewer (138)
[2016.03.02-00.45.00:940][133]LogModuleManager: Shutting down and abandoning module Toolbox (137)
[2016.03.02-00.45.00:940][133]LogModuleManager: Shutting down and abandoning module ModuleUI (136)
[2016.03.02-00.45.00:940][133]LogModuleManager: Shutting down and abandoning module MovieSceneTools (135)
[2016.03.02-00.45.00:940][133]LogModuleManager: Shutting down and abandoning module OutputLog (134)
[2016.03.02-00.45.00:940][133]LogModuleManager: Shutting down and abandoning module GammaUI (133)
[2016.03.02-00.45.00:940][133]LogModuleManager: Shutting down and abandoning module Documentation (132)
[2016.03.02-00.45.00:941][133]LogModuleManager: Shutting down and abandoning module GameLiveStreaming (131)
[2016.03.02-00.45.00:941][133]LogModuleManager: Shutting down and abandoning module StreamingPauseRendering (130)
[2016.03.02-00.45.00:941][133]LogModuleManager: Shutting down and abandoning module AnalyticsET (129)
[2016.03.02-00.45.00:941][133]LogModuleManager: Shutting down and abandoning module Analytics (128)
[2016.03.02-00.45.00:941][133]LogModuleManager: Shutting down and abandoning module AITestSuite (127)
[2016.03.02-00.45.00:941][133]LogModuleManager: Shutting down and abandoning module GameplayDebugger (126)
[2016.03.02-00.45.00:941][133]LogModuleManager: Shutting down and abandoning module AIModule (125)
[2016.03.02-00.45.00:941][133]LogModuleManager: Shutting down and abandoning module ProfilerService (124)
[2016.03.02-00.45.01:079][133]LogModuleManager: Shutting down and abandoning module TaskGraph (123)
[2016.03.02-00.45.01:079][133]LogModuleManager: Shutting down and abandoning module SlateRemote (122)
[2016.03.02-00.45.01:079][133]LogModuleManager: Shutting down and abandoning module SteamVRController (121)
[2016.03.02-00.45.01:079][133]LogModuleManager: Shutting down and abandoning module SteamVR (120)
[2016.03.02-00.45.01:079][133]LogModuleManager: Shutting down and abandoning module ProceduralMeshComponent (119)
[2016.03.02-00.45.01:079][133]LogModuleManager: Shutting down and abandoning module OculusLibrary (118)
[2016.03.02-00.45.01:079][133]LogModuleManager: Shutting down and abandoning module OculusInput (117)
[2016.03.02-00.45.01:079][133]LogModuleManager: Shutting down and abandoning module LeapMotionController (116)
[2016.03.02-00.45.01:099][133]LogModuleManager: Shutting down and abandoning module CustomMeshComponent (115)
[2016.03.02-00.45.01:099][133]LogModuleManager: Shutting down and abandoning module CableComponent (114)
[2016.03.02-00.45.01:099][133]LogModuleManager: Shutting down and abandoning module ArchVisCharacter (113)
[2016.03.02-00.45.01:099][133]LogModuleManager: Shutting down and abandoning module MessagingDebugger (112)
[2016.03.02-00.45.01:099][133]LogModuleManager: Shutting down and abandoning module MediaPlayerEditor (111)
[2016.03.02-00.45.01:099][133]LogModuleManager: Shutting down and abandoning module HTML5Networking (110)
[2016.03.02-00.45.01:099][133]LogModuleManager: Shutting down and abandoning module SpeedTreeImporter (109)
[2016.03.02-00.45.01:099][133]LogModuleManager: Shutting down and abandoning module PluginBrowser (108)
[2016.03.02-00.45.01:099][133]LogModuleManager: Shutting down and abandoning module EpicSurvey (107)
[2016.03.02-00.45.01:100][133]LogModuleManager: Shutting down and abandoning module DesktopPlatform (106)
[2016.03.02-00.45.01:100][133]LogModuleManager: Shutting down and abandoning module VisualStudioSourceCodeAccess (105)
[2016.03.02-00.45.01:100][133]LogModuleManager: Shutting down and abandoning module UObjectPlugin (104)
[2016.03.02-00.45.01:100][133]LogModuleManager: Shutting down and abandoning module SubversionSourceControl (103)
[2016.03.02-00.45.01:100][133]LogModuleManager: Shutting down and abandoning module PerforceSourceControl (102)
[2016.03.02-00.45.01:100][133]LogModuleManager: Shutting down and abandoning module SourceControl (101)
[2016.03.02-00.45.01:100][133]LogModuleManager: Shutting down and abandoning module GitSourceControl (100)
[2016.03.02-00.45.01:100][133]LogModuleManager: Shutting down and abandoning module BreakBone (99)
[2016.03.02-00.45.01:100][133]LogModuleManager: Shutting down and abandoning module LightPropagationVolumeEditor (98)
[2016.03.02-00.45.01:100][133]LogModuleManager: Shutting down and abandoning module PaperTiledImporter (97)
[2016.03.02-00.45.01:100][133]LogModuleManager: Shutting down and abandoning module PaperSpriteSheetImporter (96)
[2016.03.02-00.45.01:100][133]LogModuleManager: Shutting down and abandoning module MeshPaint (95)
[2016.03.02-00.45.01:100][133]LogModuleManager: Shutting down and abandoning module SlateReflector (94)
[2016.03.02-00.45.01:100][133]LogModuleManager: Shutting down and abandoning module HotReload (93)
[2016.03.02-00.45.01:100][133]LogModuleManager: Shutting down and abandoning module MainFrame (92)
[2016.03.02-00.45.01:100][133]LogModuleManager: Shutting down and abandoning module LevelEditor (91)
[2016.03.02-00.45.01:101][133]LogModuleManager: Shutting down and abandoning module DirectoryWatcher (90)
[2016.03.02-00.45.01:102][133]LogModuleManager: Shutting down and abandoning module AssetRegistry (89)
[2016.03.02-00.45.01:212][133]LogModuleManager: Shutting down and abandoning module ContentBrowser (88)
[2016.03.02-00.45.01:213][133]LogModuleManager: Shutting down and abandoning module Paper2DEditor (87)
[2016.03.02-00.45.01:213][133]LogModuleManager: Shutting down and abandoning module UdpMessaging (86)
[2016.03.02-00.45.01:313][133]LogModuleManager: Shutting down and abandoning module LightPropagationVolumeRuntime (85)
[2016.03.02-00.45.01:313][133]LogModuleManager: Shutting down and abandoning module Paper2D (84)
[2016.03.02-00.45.01:313][133]LogModuleManager: Shutting down and abandoning module WindowsMoviePlayer (83)
[2016.03.02-00.45.01:318][133]LogModuleManager: Shutting down and abandoning module Media (82)
[2016.03.02-00.45.01:318][133]LogModuleManager: Shutting down and abandoning module WmfMedia (81)
[2016.03.02-00.45.01:318][133]LogModuleManager: Shutting down and abandoning module OnlineBlueprintSupport (80)
[2016.03.02-00.45.01:318][133]LogModuleManager: Shutting down and abandoning module GameplayTasksEditor (79)
[2016.03.02-00.45.01:318][133]LogModuleManager: Shutting down and abandoning module PropertyEditor (78)
[2016.03.02-00.45.01:318][133]LogModuleManager: Shutting down and abandoning module BehaviorTreeEditor (77)
[2016.03.02-00.45.01:318][133]LogModuleManager: Shutting down and abandoning module FunctionalTesting (76)
[2016.03.02-00.45.01:318][133]LogModuleManager: Shutting down and abandoning module CollisionAnalyzer (75)
[2016.03.02-00.45.01:318][133]LogModuleManager: Shutting down and abandoning module WorkspaceMenuStructure (74)
[2016.03.02-00.45.01:318][133]LogModuleManager: Shutting down and abandoning module MessageLog (73)
[2016.03.02-00.45.01:318][133]LogModuleManager: Shutting down and abandoning module Sequencer (72)
[2016.03.02-00.45.01:318][133]LogModuleManager: Shutting down and abandoning module AssetTools (71)
[2016.03.02-00.45.01:318][133]LogModuleManager: Shutting down and abandoning module UMGEditor (70)
[2016.03.02-00.45.01:318][133]LogModuleManager: Shutting down and abandoning module UMG (69)
[2016.03.02-00.45.01:318][133]LogModuleManager: Shutting down and abandoning module Slate (68)
[2016.03.02-00.45.01:318][133]LogModuleManager: Shutting down and abandoning module EditorStyle (67)
[2016.03.02-00.45.01:321][133]LogModuleManager: Shutting down and abandoning module SessionServices (66)
[2016.03.02-00.45.01:321][133]LogModuleManager: Shutting down and abandoning module SourceCodeAccess (65)
[2016.03.02-00.45.01:321][133]LogModuleManager: Shutting down and abandoning module HeadMountedDisplay (64)
[2016.03.02-00.45.01:321][133]LogModuleManager: Shutting down and abandoning module XAudio2 (63)
[2016.03.02-00.45.01:321][133]LogModuleManager: Shutting down and abandoning module Networking (61)
[2016.03.02-00.45.01:321][133]LogModuleManager: Shutting down and abandoning module Core (60)
[2016.03.02-00.45.01:321][133]LogModuleManager: Shutting down and abandoning module KismetCompiler (59)
[2016.03.02-00.45.01:321][133]LogModuleManager: Shutting down and abandoning module PhysXFormats (58)
[2016.03.02-00.45.01:321][133]LogModuleManager: Shutting down and abandoning module MeshUtilities (57)
[2016.03.02-00.45.01:321][133]LogModuleManager: Shutting down and abandoning module DerivedDataCache (56)
[2016.03.02-00.45.01:707][133]LogDerivedDataCache: Shutdown
[2016.03.02-00.45.01:707][133]LogModuleManager: Shutting down and abandoning module ShaderFormatOpenGL (55)
[2016.03.02-00.45.01:707][133]LogModuleManager: Shutting down and abandoning module ShaderFormatD3D (54)
[2016.03.02-00.45.01:707][133]LogModuleManager: Shutting down and abandoning module MetalShaderFormat (53)
[2016.03.02-00.45.01:707][133]LogModuleManager: Shutting down and abandoning module TextureFormatUncompressed (52)
[2016.03.02-00.45.01:707][133]LogModuleManager: Shutting down and abandoning module TextureFormatPVR (51)
[2016.03.02-00.45.01:707][133]LogModuleManager: Shutting down and abandoning module TextureFormatIntelISPCTexComp (50)
[2016.03.02-00.45.01:707][133]LogModuleManager: Shutting down and abandoning module TextureFormatDXT (49)
[2016.03.02-00.45.01:707][133]LogModuleManager: Shutting down and abandoning module ImageWrapper (48)
[2016.03.02-00.45.01:707][133]LogModuleManager: Shutting down and abandoning module TextureFormatASTC (47)
[2016.03.02-00.45.01:707][133]LogModuleManager: Shutting down and abandoning module TextureFormatAndroid (46)
[2016.03.02-00.45.01:707][133]LogModuleManager: Shutting down and abandoning module AudioFormatOpus (45)
[2016.03.02-00.45.01:707][133]LogModuleManager: Shutting down and abandoning module AudioFormatOgg (44)
[2016.03.02-00.45.01:707][133]LogModuleManager: Shutting down and abandoning module AudioFormatADPCM (43)
[2016.03.02-00.45.01:707][133]LogModuleManager: Shutting down and abandoning module LinuxTargetPlatform (42)
[2016.03.02-00.45.01:708][133]LogModuleManager: Shutting down and abandoning module LinuxServerTargetPlatform (41)
[2016.03.02-00.45.01:708][133]LogModuleManager: Shutting down and abandoning module LinuxNoEditorTargetPlatform (40)
[2016.03.02-00.45.01:708][133]LogModuleManager: Shutting down and abandoning module Messaging (39)
[2016.03.02-00.45.01:708][133]LogModuleManager: Shutting down and abandoning module IOSTargetPlatform (38)
[2016.03.02-00.45.01:708][133]LogModuleManager: Shutting down and abandoning module HTML5TargetPlatform (37)
[2016.03.02-00.45.01:708][133]LogModuleManager: Shutting down and abandoning module Android_PVRTCTargetPlatform (36)
[2016.03.02-00.45.01:708][133]LogModuleManager: Shutting down and abandoning module Android_MultiTargetPlatform (35)
[2016.03.02-00.45.01:708][133]LogModuleManager: Shutting down and abandoning module Android_ETC2TargetPlatform (34)
[2016.03.02-00.45.01:708][133]LogModuleManager: Shutting down and abandoning module Android_ETC1TargetPlatform (33)
[2016.03.02-00.45.01:708][133]LogModuleManager: Shutting down and abandoning module Android_DXTTargetPlatform (32)
[2016.03.02-00.45.01:708][133]LogModuleManager: Shutting down and abandoning module Android_ATCTargetPlatform (31)
[2016.03.02-00.45.01:708][133]LogModuleManager: Shutting down and abandoning module Android_ASTCTargetPlatform (30)
[2016.03.02-00.45.01:708][133]LogModuleManager: Shutting down and abandoning module AndroidTargetPlatform (29)
[2016.03.02-00.45.01:708][133]LogModuleManager: Shutting down and abandoning module WindowsTargetPlatform (28)
[2016.03.02-00.45.01:708][133]LogModuleManager: Shutting down and abandoning module WindowsServerTargetPlatform (27)
[2016.03.02-00.45.01:708][133]LogModuleManager: Shutting down and abandoning module WindowsNoEditorTargetPlatform (26)
[2016.03.02-00.45.01:708][133]LogModuleManager: Shutting down and abandoning module WindowsClientTargetPlatform (25)
[2016.03.02-00.45.01:708][133]LogModuleManager: Shutting down and abandoning module AllDesktopTargetPlatform (24)
[2016.03.02-00.45.01:708][133]LogModuleManager: Shutting down and abandoning module TargetPlatform (23)
[2016.03.02-00.45.01:708][133]LogModuleManager: Shutting down and abandoning module InputCore (22)
[2016.03.02-00.45.01:708][133]LogModuleManager: Shutting down and abandoning module Settings (21)
[2016.03.02-00.45.01:708][133]LogModuleManager: Shutting down and abandoning module OnlineSubsystem (19)
[2016.03.02-00.45.01:708][133]LogModuleManager: Shutting down and abandoning module HTTP (18)
[2016.03.02-00.45.03:708][133]LogModuleManager: Shutting down and abandoning module XMPP (17)
[2016.03.02-00.45.03:708][133]LogModuleManager: Shutting down and abandoning module OculusRift (16)
[2016.03.02-00.45.03:708][133]LogModuleManager: Shutting down and abandoning module ExampleDeviceProfileSelector (15)
[2016.03.02-00.45.03:708][133]LogModuleManager: Shutting down and abandoning module TextureCompressor (14)
[2016.03.02-00.45.03:708][133]LogModuleManager: Shutting down and abandoning module ShaderCore (13)
[2016.03.02-00.45.03:708][133]LogModuleManager: Shutting down and abandoning module Landscape (12)
[2016.03.02-00.45.03:708][133]LogModuleManager: Shutting down and abandoning module SlateRHIRenderer (11)
[2016.03.02-00.45.03:709][133]LogModuleManager: Shutting down and abandoning module OpenGLDrv (10)
[2016.03.02-00.45.03:709][133]LogModuleManager: Shutting down and abandoning module D3D11RHI (9)
[2016.03.02-00.45.03:709][133]LogModuleManager: Shutting down and abandoning module AnimGraphRuntime (8)
[2016.03.02-00.45.03:709][133]LogModuleManager: Shutting down and abandoning module Renderer (7)
[2016.03.02-00.45.03:709][133]LogModuleManager: Shutting down and abandoning module Engine (6)
[2016.03.02-00.45.03:709][133]LogModuleManager: Shutting down and abandoning module CoreUObject (5)
[2016.03.02-00.45.03:709][133]LogModuleManager: Shutting down and abandoning module NetworkFile (4)
[2016.03.02-00.45.03:709][133]LogModuleManager: Shutting down and abandoning module StreamingFile (3)
[2016.03.02-00.45.03:709][133]LogModuleManager: Shutting down and abandoning module SandboxFile (2)
[2016.03.02-00.45.03:709][133]LogModuleManager: Shutting down and abandoning module PakFile (1)
[2016.03.02-00.45.03:710][133]LogExit: Exiting.
[2016.03.02-00.45.03:712][133]Log file closed, 03/02/16 11:45:03
